<?xml version="1.0" encoding="utf-8"?><testsuites name="pytest tests"><testsuite name="pytest" errors="2" failures="0" skipped="0" tests="18" time="5.026" timestamp="2026-09-04T22:20:49.587068+00:00" hostname="agent-env-4db617ec-6bf3-493d-8128-5225443bd23b"><testcase classname="tests.test_security_and_critical_path.TestAuth" name="test_admin_login" time="0.415" /><testcase classname="tests.test_security_and_critical_path.TestAnswerKeyLeakFix1" name="test_student_blocked" time="0.931" /><testcase classname="tests.test_security_and_critical_path.TestAuth" name="test_student_login" time="0.522" /><testcase classname="tests.test_security_and_critical_path.TestAnswerKeyLeakFix1" name="test_parent_blocked" time="0.615" /><testcase classname="tests.test_security_and_critical_path.TestAuth" name="test_parent_login" time="0.608" /><testcase classname="tests.test_security_and_critical_path.TestAuth" name="test_wrong_role_rejected" time="0.371" /><testcase classname="tests.test_security_and_critical_path.TestAuth" name="test_wrong_password_rejected" time="0.357" /><testcase classname="tests.test_security_and_critical_path.TestAnswerKeyLeakFix1" name="test_admin_allowed" time="0.727" /><testcase classname="tests.test_security_and_critical_path.TestRBAC" name="test_student_cannot_create_question" time="0.122" /><testcase classname="tests.test_security_and_critical_path.TestRBAC" name="test_student_cannot_delete_test" time="0.282" /><testcase classname="tests.test_security_and_critical_path.TestAnswerKeyLeakFix2" name="test_admin_sees_correct" time="0.463" /><testcase classname="tests.test_security_and_critical_path.TestRBAC" name="test_student_attempts_scoped_to_self" time="0.969" /><testcase classname="tests.test_security_and_critical_path.TestAnswerKeyLeakFix2" name="test_student_pre_submit_no_correct_no_explanation" time="0.997" /><testcase classname="tests.test_idempotent_submit" name="test_health" time="0.171" /><testcase classname="tests.test_security_and_critical_path.TestAdminCriticalPath" name="test_admin_create_question_and_test" time="0.406" /><testcase classname="tests.test_security_and_critical_path.TestAdminCriticalPath" name="test_zz_cleanup" time="0.309" /><testcase classname="tests.test_idempotent_submit" name="test_idempotent_submit_and_persistence" time="0.341"><error message="failed on setup with &quot;AssertionError: {&quot;detail&quot;:&quot;Too many requests. Please slow down and retry in ~6s.&quot;}&#10;assert 429 == 200&#10; +  where 429 = &lt;Response [429]&gt;.status_code&quot;">backend/tests/test_idempotent_submit.py:27: in student_token
    assert r.status_code == 200, r.text[:200]
E   AssertionError: {"detail":"Too many requests. Please slow down and retry in ~6s."}
E   assert 429 == 200
E    +  where 429 = &lt;Response [429]&gt;.status_code</error></testcase><testcase classname="tests.test_security_and_critical_path.TestStudentCriticalPath" name="test_student_full_flow" time="0.151"><error message="failed on setup with &quot;AssertionError: Login failed student1@examnest.io: 429 {&quot;detail&quot;:&quot;Too many requests. Please slow down and retry in ~6s.&quot;}&#10;assert 429 == 200&#10; +  where 429 = &lt;Response [429]&gt;.status_code&quot;">backend/tests/test_security_and_critical_path.py:34: in student_token
    return _login(STUDENT)
           ^^^^^^^^^^^^^^^
backend/tests/test_security_and_critical_path.py:19: in _login
    assert r.status_code == 200, f"Login failed {creds['email']}: {r.status_code} {r.text[:200]}"
E   AssertionError: Login failed student1@examnest.io: 429 {"detail":"Too many requests. Please slow down and retry in ~6s."}
E   assert 429 == 200
E    +  where 429 = &lt;Response [429]&gt;.status_code</error></testcase></testsuite></testsuites>