<?xml version="1.0" encoding="utf-8"?><testsuites name="pytest tests"><testsuite name="pytest" errors="0" failures="0" skipped="0" tests="9" time="21.926" timestamp="2026-09-22T19:16:30.809799+00:00" hostname="agent-env-873c6874-60a7-4c26-ae23-da2ba7a5c795"><testcase classname="tests.test_dpp_visual_import_regression" name="test_seeded_dpp_structure_and_marking_contract[0e87d454-f910-5e29-824f-6f37a26a14ff-7-4]" time="0.601" /><testcase classname="tests.test_dpp_visual_import_regression" name="test_seeded_dpp_structure_and_marking_contract[93498a34-4acf-5660-b70e-ebdefcb810f7-6-5]" time="0.181" /><testcase classname="tests.test_dpp_visual_import_regression" name="test_cbse_matching_questions_have_real_markdown_tables_and_count" time="0.395" /><testcase classname="tests.test_dpp_visual_import_regression" name="test_student_pre_submit_hides_correct_hint_explanation_keeps_question_images" time="0.935" /><testcase classname="tests.test_dpp_visual_import_regression" name="test_student3_submit_attempt_and_post_submit_reveals_solutions" time="0.877" /><testcase classname="tests.test_dpp_visual_import_regression" name="test_pdf_extract_mode_solutions_only_returns_zero_and_warning" time="3.259" /><testcase classname="tests.test_dpp_visual_import_regression" name="test_pdf_extract_two_question_fixture_commit_and_cleanup" time="14.436" /><testcase classname="tests.test_dpp_visual_import_regression" name="test_adaptive_flow_returns_question_image_fields_and_post_answer_explanation_image" time="0.270" /><testcase classname="tests.test_dpp_visual_import_regression" name="test_battle_state_question_contains_image_fields" time="0.549" /></testsuite></testsuites>